15
0
2
0.1127	0.0841279	0.213035
1
3
0.111317	0.0463293	-0.155499
2
4
0.528152	-0.00557679	0.199542
3
5
0.527976	-0.0361309	-0.135356
5
6
0.941619	0.00810397	-0.0466203
6
4
0.946084	0.0117545	0.139242
7
9
1.05896	-0.0404805	0.480611
6
11
1.03371	0.00332074	0.0430082
8
10
1.08405	-0.0860043	-0.404588
11
12
1.3329	0.0204177	0.0249883
9
13
1.29164	0.0303017	0.424237
10
14
1.31806	-0.00778961	-0.35075
12
13
1.46765	0.005953	0.195552
12
14
1.47827	-0.00450987	-0.118646
12
15
1.57553	-0.006839	0.0568747
