24
0
2
0.124429	0.0792992	0.213177
1
3
0.121366	0.0422801	-0.161378
2
4
0.528098	-0.00536198	0.196985
3
5
0.527893	-0.0355817	-0.134119
4
5
0.936046	-0.0164153	0.058646
5
6
0.930169	0.0302526	-0.0654806
6
4
0.930862	0.0354779	0.162605
5
7
0.947752	-0.0135287	-0.038296
4
7
0.956781	-0.0247058	0.121981
6
7
1.02539	0.01625	-0.101904
8
10
1.05725	-0.0417799	0.480323
4
12
0.986315	-0.00567034	0.149082
7
12
1.02693	-0.0215977	0.0226499
6
12
1.03811	0.032991	0.0597692
9
11
1.08212	-0.0862979	-0.405215
12
14
1.33832	-0.00749948	-0.0150344
12
13
1.34193	0.00969838	0.0805242
10
15
1.29174	0.0295741	0.42325
11
16
1.31808	-0.00825601	-0.349788
13
14
1.42448	-0.0170561	0.0419198
13
15
1.47002	0.00879017	0.220625
14
16
1.48252	-0.00364992	-0.145656
14
17
1.55149	-0.024847	0.0288689
13
17
1.55104	-0.0143655	0.069595
